Timeout (0:00:05)!
Thread 0x00002184 (most recent call first):
  File "f:\Project\newTool\202Logger\202Logger.py", line 1972 in main
  File "f:\Project\newTool\202Logger\202Logger.py", line 1987 in <module>
Timeout (0:00:05)!
Thread 0x00002184 (most recent call first):
  File "f:\Project\newTool\202Logger\202Logger.py", line 1972 in main
  File "f:\Project\newTool\202Logger\202Logger.py", line 1987 in <module>
Timeout (0:00:05)!
Thread 0x00002184 (most recent call first):
  File "f:\Project\newTool\202Logger\202Logger.py", line 1972 in main
  File "f:\Project\newTool\202Logger\202Logger.py", line 1987 in <module>
Timeout (0:00:05)!
Thread 0x00002184 (most recent call first):
  File "f:\Project\newTool\202Logger\202Logger.py", line 1972 in main
  File "f:\Project\newTool\202Logger\202Logger.py", line 1987 in <module>
Timeout (0:00:05)!
Thread 0x00002184 (most recent call first):
  File "f:\Project\newTool\202Logger\202Logger.py", line 1972 in main
  File "f:\Project\newTool\202Logger\202Logger.py", line 1987 in <module>
Timeout (0:00:05)!
Thread 0x00002184 (most recent call first):
  File "f:\Project\newTool\202Logger\202Logger.py", line 1972 in main
  File "f:\Project\newTool\202Logger\202Logger.py", line 1987 in <module>
Windows fatal exception: code 0x8001010d

Current thread 0x00002184 (most recent call first):
  File "f:\Project\newTool\202Logger\202Logger.py", line 1972 in main
  File "f:\Project\newTool\202Logger\202Logger.py", line 1987 in <module>
Timeout (0:00:05)!
Thread 0x00002184 (most recent call first):
  File "f:\Project\newTool\202Logger\202Logger.py", line 1972 in main
  File "f:\Project\newTool\202Logger\202Logger.py", line 1987 in <module>
Timeout (0:00:05)!
Thread 0x00002184 (most recent call first):
  File "f:\Project\newTool\202Logger\202Logger.py", line 1972 in main
  File "f:\Project\newTool\202Logger\202Logger.py", line 1987 in <module>
Timeout (0:00:05)!
Thread 0x00002184 (most recent call first):
  File "f:\Project\newTool\202Logger\202Logger.py", line 1972 in main
  File "f:\Project\newTool\202Logger\202Logger.py", line 1987 in <module>
Timeout (0:00:05)!
Thread 0x00002184 (most recent call first):
  File "f:\Project\newTool\202Logger\202Logger.py", line 1972 in main
  File "f:\Project\newTool\202Logger\202Logger.py", line 1987 in <module>
Timeout (0:00:05)!
Thread 0x00002184 (most recent call first):
  File "f:\Project\newTool\202Logger\202Logger.py", line 1972 in main
  File "f:\Project\newTool\202Logger\202Logger.py", line 1987 in <module>
